app/build/outputs/logs/manifest-merger-debug-report.txt
-- Merging decision tree log ---
manifest
ADDED from src\main\AndroidManifest.xml:1:1-157:12
	package
		ADDED from src\main\AndroidManifest.xml:2:5-27
		INJECTED from src\main\AndroidManifest.xml
		INJECTED from src\main\AndroidManifest.xml
	android:versionName
		ADDED from src\main\AndroidManifest.xml:4:5-30
		INJECTED from src\main\AndroidManifest.xml
		INJECTED from src\main\AndroidManifest.xml
	android:versionCode
		ADDED from src\main\AndroidManifest.xml:3:5-29
		INJECTED from src\main\AndroidManifest.xml
		INJECTED from src\main\AndroidManifest.xml
	xmlns:android
		ADDED from src\main\AndroidManifest.xml:1:11-69
	android:installLocation
		ADDED from src\main\AndroidManifest.xml:5:5-35
uses-sdk
ADDED from src\main\AndroidManifest.xml:7:5-9:41
	android:targetSdkVersion
		ADDED from src\main\AndroidManifest.xml:9:9-38
		INJECTED from src\main\AndroidManifest.xml
		INJECTED from src\main\AndroidManifest.xml
	android:minSdkVersion
		ADDED from src\main\AndroidManifest.xml:8:9-34
		INJECTED from src\main\AndroidManifest.xml
		INJECTED from src\main\AndroidManifest.xml
uses-permission#android.permission.CAMERA
ADDED from src\main\AndroidManifest.xml:13:5-65
	android:name
		ADDED from src\main\AndroidManifest.xml:13:22-62
uses-permission#android.permission.VIBRATE
ADDED from src\main\AndroidManifest.xml:14:5-66
	android:name
		ADDED from src\main\AndroidManifest.xml:14:22-63
uses-permission#android.permission.FLASHLIGHT
ADDED from src\main\AndroidManifest.xml:15:5-69
	android:name
		ADDED from src\main\AndroidManifest.xml:15:22-66
uses-permission#android.permission.WRITE_EXTERNAL_STORAGE
ADDED from src\main\AndroidManifest.xml:16:5-81
	android:name
		ADDED from src\main\AndroidManifest.xml:16:22-78
uses-permission#android.permission.NFC
ADDED from src\main\AndroidManifest.xml:17:5-62
	android:name
		ADDED from src\main\AndroidManifest.xml:17:22-59
uses-permission#android.permission.RECORD_AUDIO
ADDED from src\main\AndroidManifest.xml:19:5-71
	android:name
		ADDED from src\main\AndroidManifest.xml:19:22-68
uses-feature#android.hardware.autofocus
ADDED from src\main\AndroidManifest.xml:22:5-63
	android:name
		ADDED from src\main\AndroidManifest.xml:22:19-60
uses-permission#android.permission.BLUETOOTH
ADDED from src\main\AndroidManifest.xml:24:5-68
	android:name
		ADDED from src\main\AndroidManifest.xml:24:22-65
uses-permission#android.permission.BLUETOOTH_ADMIN
ADDED from src\main\AndroidManifest.xml:25:5-74
	android:name
		ADDED from src\main\AndroidManifest.xml:25:22-71
uses-permission#android.permission.MOUNT_UNMOUNT_FILESYSTEMS
ADDED from src\main\AndroidManifest.xml:26:5-84
	android:name
		ADDED from src\main\AndroidManifest.xml:26:22-81
uses-feature#android.hardware.usb.host
ADDED from src\main\AndroidManifest.xml:29:5-62
	android:name
		ADDED from src\main\AndroidManifest.xml:29:19-59
uses-feature#android.hardware.camera
ADDED from src\main\AndroidManifest.xml:36:5-60
	android:name
		ADDED from src\main\AndroidManifest.xml:36:19-57
uses-feature#android.hardware.camera.autofocus
ADDED from src\main\AndroidManifest.xml:37:5-70
	android:name
		ADDED from src\main\AndroidManifest.xml:37:19-67
application
ADDED from src\main\AndroidManifest.xml:44:5-155:19
	android:label
		ADDED from src\main\AndroidManifest.xml:47:9-41
	android:allowBackup
		ADDED from src\main\AndroidManifest.xml:45:9-35
	android:icon
		ADDED from src\main\AndroidManifest.xml:46:9-38
	android:theme
		ADDED from src\main\AndroidManifest.xml:48:9-40
activity#com.POS.apis.ApiDemosMainActivity
ADDED from src\main\AndroidManifest.xml:49:9-56:20
	android:name
		ADDED from src\main\AndroidManifest.xml:49:19-67
intent-filter#android.intent.action.MAIN+android.intent.category.DEFAULT+android.intent.category.LAUNCHER
ADDED from src\main\AndroidManifest.xml:50:13-55:29
action#android.intent.action.MAIN
ADDED from src\main\AndroidManifest.xml:51:17-69
	android:name
		ADDED from src\main\AndroidManifest.xml:51:25-66
category#android.intent.category.DEFAULT
ADDED from src\main\AndroidManifest.xml:53:17-76
	android:name
		ADDED from src\main\AndroidManifest.xml:53:27-73
category#android.intent.category.LAUNCHER
ADDED from src\main\AndroidManifest.xml:54:17-77
	android:name
		ADDED from src\main\AndroidManifest.xml:54:27-74
activity#com.POS.apis.BuzzerController.BuzzerControllerActivity
ADDED from src\main\AndroidManifest.xml:57:9-59:63
	android:label
		ADDED from src\main\AndroidManifest.xml:59:13-60
	android:name
		ADDED from src\main\AndroidManifest.xml:58:13-82
activity#com.POS.apis.CashboxController.CashboxControllerActivity
ADDED from src\main\AndroidManifest.xml:60:9-62:64
	android:label
		ADDED from src\main\AndroidManifest.xml:62:13-61
	android:name
		ADDED from src\main\AndroidManifest.xml:61:13-84
activity#com.POS.apis.LaserlightController.LaserlightControllerActivity
ADDED from src\main\AndroidManifest.xml:63:9-65:67
	android:label
		ADDED from src\main\AndroidManifest.xml:65:13-64
	android:name
		ADDED from src\main\AndroidManifest.xml:64:13-90
activity#com.POS.apis.RS232Controller.RS232ControllerActivity
ADDED from src\main\AndroidManifest.xml:66:9-68:62
	android:label
		ADDED from src\main\AndroidManifest.xml:68:13-59
	android:name
		ADDED from src\main\AndroidManifest.xml:67:13-80
activity#com.POS.apis.ICcardController.ICcardControllerActivity
ADDED from src\main\AndroidManifest.xml:69:9-71:63
	android:label
		ADDED from src\main\AndroidManifest.xml:71:13-60
	android:name
		ADDED from src\main\AndroidManifest.xml:70:13-82
activity#com.POS.apis.IDcardController.IDcardControllerActivity
ADDED from src\main\AndroidManifest.xml:72:9-74:63
	android:label
		ADDED from src\main\AndroidManifest.xml:74:13-60
	android:name
		ADDED from src\main\AndroidManifest.xml:73:13-82
activity#com.POS.apis.PINPadController.N20PINPadControllerActivity
ADDED from src\main\AndroidManifest.xml:75:9-77:63
	android:label
		ADDED from src\main\AndroidManifest.xml:77:13-60
	android:name
		ADDED from src\main\AndroidManifest.xml:76:13-85
activity#com.POS.apis.PINPadController.SP10PINPadControllerActivity
ADDED from src\main\AndroidManifest.xml:78:9-80:63
	android:label
		ADDED from src\main\AndroidManifest.xml:80:13-60
	android:name
		ADDED from src\main\AndroidManifest.xml:79:13-86
activity#com.POS.apis.PSAMController.PSAMControllerActivity
ADDED from src\main\AndroidManifest.xml:81:9-83:61
	android:label
		ADDED from src\main\AndroidManifest.xml:83:13-58
	android:name
		ADDED from src\main\AndroidManifest.xml:82:13-78
activity#com.POS.apis.NFCController.NFCControllerActivity
ADDED from src\main\AndroidManifest.xml:84:9-100:20
	android:screenOrientation
		ADDED from src\main\AndroidManifest.xml:88:13-50
	android:label
		ADDED from src\main\AndroidManifest.xml:86:13-57
	android:launchMode
		ADDED from src\main\AndroidManifest.xml:87:13-43
	android:name
		ADDED from src\main\AndroidManifest.xml:85:13-76
intent-filter#android.intent.action.MAIN+android.nfc.action.NDEF_DISCOVERED+android.nfc.action.TAG_DISCOVERED+android.nfc.action.TAG_LOST+android.nfc.action.TECH_DISCOVERED
ADDED from src\main\AndroidManifest.xml:89:13-95:29
action#android.nfc.action.NDEF_DISCOVERED
ADDED from src\main\AndroidManifest.xml:91:17-77
	android:name
		ADDED from src\main\AndroidManifest.xml:91:25-74
action#android.nfc.action.TECH_DISCOVERED
ADDED from src\main\AndroidManifest.xml:92:17-77
	android:name
		ADDED from src\main\AndroidManifest.xml:92:25-74
action#android.nfc.action.TAG_DISCOVERED
ADDED from src\main\AndroidManifest.xml:93:17-76
	android:name
		ADDED from src\main\AndroidManifest.xml:93:25-73
action#android.nfc.action.TAG_LOST
ADDED from src\main\AndroidManifest.xml:94:17-70
	android:name
		ADDED from src\main\AndroidManifest.xml:94:25-67
meta-data#android.nfc.action.TECH_DISCOVERED
ADDED from src\main\AndroidManifest.xml:97:13-99:59
	android:resource
		ADDED from src\main\AndroidManifest.xml:99:17-56
	android:name
		ADDED from src\main\AndroidManifest.xml:98:17-66
activity#com.POS.apis.NFCController.NfcReadWriteActivity
ADDED from src\main\AndroidManifest.xml:101:9-116:20
	android:screenOrientation
		ADDED from src\main\AndroidManifest.xml:104:13-49
	android:launchMode
		ADDED from src\main\AndroidManifest.xml:103:13-43
	android:theme
		ADDED from src\main\AndroidManifest.xml:105:13-77
	android:name
		ADDED from src\main\AndroidManifest.xml:102:13-75
intent-filter#android.intent.action.MAIN+android.nfc.action.TAG_DISCOVERED+android.nfc.action.TAG_LOST+android.nfc.action.TECH_DISCOVERED
ADDED from src\main\AndroidManifest.xml:106:13-111:29
activity#com.POS.apis.PrinterController.PrinterControllerActivity
ADDED from src\main\AndroidManifest.xml:117:9-119:64
	android:label
		ADDED from src\main\AndroidManifest.xml:119:13-61
	android:name
		ADDED from src\main\AndroidManifest.xml:118:13-84
activity#com.POS.apis.PrinterBluetooth.BluetoothActivity
ADDED from src\main\AndroidManifest.xml:120:9-122:64
	android:label
		ADDED from src\main\AndroidManifest.xml:122:13-61
	android:name
		ADDED from src\main\AndroidManifest.xml:121:13-75
activity#com.POS.apis.PrinterBluetooth.PrintDataActivity
ADDED from src\main\AndroidManifest.xml:123:9-125:64
	android:label
		ADDED from src\main\AndroidManifest.xml:125:13-61
	android:name
		ADDED from src\main\AndroidManifest.xml:124:13-75
activity#com.POS.apis.MagnetCardController.MagnetCardControllerActivity
ADDED from src\main\AndroidManifest.xml:126:9-129:57
	android:label
		ADDED from src\main\AndroidManifest.xml:128:13-66
	android:windowSoftInputMode
		ADDED from src\main\AndroidManifest.xml:129:13-54
	android:name
		ADDED from src\main\AndroidManifest.xml:127:13-90
activity#com.POS.apis.ScanController.ScanActivity
ADDED from src\main\AndroidManifest.xml:130:9-132:61
	android:label
		ADDED from src\main\AndroidManifest.xml:132:13-58
	android:name
		ADDED from src\main\AndroidManifest.xml:131:13-68
activity#com.POS.apis.FingerprintController.BRFingerprintControllerActivity
ADDED from src\main\AndroidManifest.xml:133:9-135:79
	android:label
		ADDED from src\main\AndroidManifest.xml:135:13-76
	android:name
		ADDED from src\main\AndroidManifest.xml:134:13-94
activity#com.POS.apis.CaptureController.CaptureActivity
ADDED from src\main\AndroidManifest.xml:136:9-142:63
	android:screenOrientation
		ADDED from src\main\AndroidManifest.xml:140:13-49
	android:label
		ADDED from src\main\AndroidManifest.xml:139:13-61
	android:windowSoftInputMode
		ADDED from src\main\AndroidManifest.xml:142:13-60
	android:configChanges
		ADDED from src\main\AndroidManifest.xml:138:13-63
	android:theme
		ADDED from src\main\AndroidManifest.xml:141:13-71
	android:name
		ADDED from src\main\AndroidManifest.xml:137:13-74
activity#com.POS.apis.CaptureController.ResultActivity
ADDED from src\main\AndroidManifest.xml:143:9-145:64
	android:label
		ADDED from src\main\AndroidManifest.xml:145:13-61
	android:name
		ADDED from src\main\AndroidManifest.xml:144:13-73
activity#com.POS.apis.CaptureController.ResultPhotoActivity
ADDED from src\main\AndroidManifest.xml:146:9-87
	android:name
		ADDED from src\main\AndroidManifest.xml:146:19-84
activity#com.POS.apis.LedControllers.LedControllerActivity
ADDED from src\main\AndroidManifest.xml:147:9-148:20
	android:name
		ADDED from src\main\AndroidManifest.xml:147:19-83
activity#com.POS.apis.FingerprintController.ZAFingerprintControllerActivity
ADDED from src\main\AndroidManifest.xml:149:9-152:20
	android:label
		ADDED from src\main\AndroidManifest.xml:151:13-76
	android:name
		ADDED from src\main\AndroidManifest.xml:150:13-94